Build started 10/30/2014 10:15:09 AM.
     1>Project "C:\zdong\teaching\MTSU\2014 Fall\4160\projects\project5\deliverable - Simplified\project5\SymbolTableProject\MainDriver\MainDriver.vcxproj" on node 2 (build target(s)).
     1>InitializeBuildStatus:
         Touching "Debug\MainDriver.unsuccessfulbuild".
       ClCompile:
         c:\Program Files (x86)\Microsoft Visual Studio 10.0\VC\bin\CL.exe /c /IC:\GnuWin32\include /ZI /nologo /W3 /WX- /Od /Oy- /D WIN32 /D _DEBUG /D _CONSOLE /D _UNICODE /D UNICODE /Gm /EHsc /RTC1 /MDd /GS /fp:precise /Zc:wchar_t /Zc:forScope /Fo"Debug\\" /Fd"Debug\vc100.pdb" /Gd /TP /analyze- /errorReport:prompt Env.cpp TypeChecking.cpp main.cpp
         TypeChecking.cpp
         Generating Code...
         Compiling...
         main.cpp
         Env.cpp
         Generating Code...
         c:\Program Files (x86)\Microsoft Visual Studio 10.0\VC\bin\CL.exe /c /IC:\GnuWin32\include /ZI /nologo /W3 /WX- /Od /Oy- /D WIN32 /D _DEBUG /D _CONSOLE /D _UNICODE /D UNICODE /Gm /EHsc /RTC1 /MDd /GS /fp:precise /Zc:wchar_t /Zc:forScope /Fo"Debug\\" /Fd"Debug\vc100.pdb" /Gd /TP /analyze- /errorReport:prompt lex.yy.cc -I  c:/GnuWin32/include 
         lex.yy.cc
     1>c:\zdong\teaching\mtsu\2014 fall\4160\projects\project5\deliverable - simplified\project5\symboltableproject\maindriver\lex.yy.cc(691): warning C4102: 'find_rule' : unreferenced label
       ManifestResourceCompile:
         c:\Program Files (x86)\Microsoft SDKs\Windows\v7.0A\bin\rc.exe /nologo /fo"Debug\MainDriver.exe.embed.manifest.res" Debug\MainDriver_manifest.rc 
       Link:
         c:\Program Files (x86)\Microsoft Visual Studio 10.0\VC\bin\link.exe /ERRORREPORT:PROMPT /OUT:"C:\zdong\teaching\MTSU\2014 Fall\4160\projects\project5\deliverable - Simplified\project5\SymbolTableProject\Debug\MainDriver.exe" /INCREMENTAL /NOLOGO kernel32.lib user32.lib gdi32.lib winspool.lib comdlg32.lib advapi32.lib shell32.lib ole32.lib oleaut32.lib uuid.lib odbc32.lib odbccp32.lib /MANIFEST /ManifestFile:"Debug\MainDriver.exe.intermediate.manifest" /MANIFESTUAC:"level='asInvoker' uiAccess='false'" /DEBUG /PDB:"C:\zdong\teaching\MTSU\2014 Fall\4160\projects\project5\deliverable - Simplified\project5\SymbolTableProject\Debug\MainDriver.pdb" /SUBSYSTEM:CONSOLE /TLBID:1 /DYNAMICBASE /NXCOMPAT /IMPLIB:"C:\zdong\teaching\MTSU\2014 Fall\4160\projects\project5\deliverable - Simplified\project5\SymbolTableProject\Debug\MainDriver.lib" /MACHINE:X86 Debug\MainDriver.exe.embed.manifest.res
         Debug\Env.obj
         Debug\lex.yy.obj
         Debug\main.obj
         Debug\Print.obj
         Debug\tiger.tab.obj
         Debug\TypeChecking.obj
       Manifest:
         c:\Program Files (x86)\Microsoft SDKs\Windows\v7.0A\bin\mt.exe /nologo /verbose /out:"Debug\MainDriver.exe.embed.manifest" /manifest Debug\MainDriver.exe.intermediate.manifest
         c:\Program Files (x86)\Microsoft SDKs\Windows\v7.0A\bin\rc.exe /nologo /fo"Debug\MainDriver.exe.embed.manifest.res" Debug\MainDriver_manifest.rc 
       LinkEmbedManifest:
         c:\Program Files (x86)\Microsoft Visual Studio 10.0\VC\bin\link.exe /ERRORREPORT:PROMPT /OUT:"C:\zdong\teaching\MTSU\2014 Fall\4160\projects\project5\deliverable - Simplified\project5\SymbolTableProject\Debug\MainDriver.exe" /INCREMENTAL /NOLOGO kernel32.lib user32.lib gdi32.lib winspool.lib comdlg32.lib advapi32.lib shell32.lib ole32.lib oleaut32.lib uuid.lib odbc32.lib odbccp32.lib /MANIFEST /ManifestFile:"Debug\MainDriver.exe.intermediate.manifest" /MANIFESTUAC:"level='asInvoker' uiAccess='false'" /DEBUG /PDB:"C:\zdong\teaching\MTSU\2014 Fall\4160\projects\project5\deliverable - Simplified\project5\SymbolTableProject\Debug\MainDriver.pdb" /SUBSYSTEM:CONSOLE /TLBID:1 /DYNAMICBASE /NXCOMPAT /IMPLIB:"C:\zdong\teaching\MTSU\2014 Fall\4160\projects\project5\deliverable - Simplified\project5\SymbolTableProject\Debug\MainDriver.lib" /MACHINE:X86 Debug\MainDriver.exe.embed.manifest.res
         Debug\Env.obj
         Debug\lex.yy.obj
         Debug\main.obj
         Debug\Print.obj
         Debug\tiger.tab.obj
         Debug\TypeChecking.obj
         MainDriver.vcxproj -> C:\zdong\teaching\MTSU\2014 Fall\4160\projects\project5\deliverable - Simplified\project5\SymbolTableProject\Debug\MainDriver.exe
       FinalizeBuildStatus:
         Deleting file "Debug\MainDriver.unsuccessfulbuild".
         Touching "Debug\MainDriver.lastbuildstate".
     1>Done Building Project "C:\zdong\teaching\MTSU\2014 Fall\4160\projects\project5\deliverable - Simplified\project5\SymbolTableProject\MainDriver\MainDriver.vcxproj" (build target(s)).

Build succeeded.

Time Elapsed 00:00:03.47
